<?xml version="1.0" encoding="UTF-8"?>
<!-- Generated by org.testng.reporters.JUnitXMLReporter -->
<testsuite hostname="Shiv" ignored="1" name="Calc" tests="1" failures="1" timestamp="2020-12-16T11:05:14 IST" time="0.055" errors="0">
  <testcase name="AddTest" time="0.015" classname="test_winium.CalculatorTest">
    <failure type="java.lang.NullPointerException">
      <![CDATA[java.lang.NullPointerException
at test_winium.CalculatorTest.AddTest(CalculatorTest.java:233)
at java.util.ArrayList.forEach(ArrayList.java:1259)
... Removed 27 stack frames]]>
    </failure>
  </testcase> <!-- AddTest -->
  <testcase name="vipAccessTest" time="0.0" classname="test_winium.CalculatorTest">
    <ignored/>
  </testcase> <!-- vipAccessTest -->
</testsuite> <!-- Calc -->
