<?xml version="1.0" encoding="UTF-8"?>
<!-- Generated by org.testng.reporters.JUnitXMLReporter -->
<testsuite hostname="Shiv" ignored="0" name="CalculatorTest_Add" tests="1" failures="0" timestamp="2020-12-14T21:00:15 IST" time="28.025" errors="0">
  <testcase name="@BeforeTest setup" time="27.854" classname="test_winium.CalculatorTest">
    <failure type="java.lang.NullPointerException">
      <![CDATA[java.lang.NullPointerException
at test_winium.CalculatorTest.checkAndKillApplication(CalculatorTest.java:158)
at test_winium.CalculatorTest.setup(CalculatorTest.java:196)
... Removed 24 stack frames]]>
    </failure>
  </testcase> <!-- @BeforeTest setup -->
  <testcase name="@AfterTest tearDown" time="-1.607959815554E9" classname="test_winium.CalculatorTest">
    <skipped/>
  </testcase> <!-- @AfterTest tearDown -->
  <testcase name="AddTest" time="0.0" classname="test_winium.CalculatorTest">
    <skipped/>
  </testcase> <!-- AddTest -->
</testsuite> <!-- CalculatorTest_Add -->
