<?xml version="1.0" encoding="UTF-8"?>
<!-- Generated by org.testng.reporters.JUnitXMLReporter -->
<testsuite hostname="Shiv" ignored="1" name="VIPAccess_Token" tests="1" failures="1" timestamp="2020-12-16T10:53:12 IST" time="0.068" errors="0">
  <testcase name="vipAccessTest" time="0.016" classname="test_winium.CalculatorTest">
    <failure type="java.lang.NullPointerException">
      <![CDATA[java.lang.NullPointerException
at test_winium.CalculatorTest.vipAccessTest(CalculatorTest.java:247)
at java.util.ArrayList.forEach(ArrayList.java:1259)
... Removed 27 stack frames]]>
    </failure>
  </testcase> <!-- vipAccessTest -->
  <testcase name="AddTest" time="0.0" classname="test_winium.CalculatorTest">
    <ignored/>
  </testcase> <!-- AddTest -->
</testsuite> <!-- VIPAccess_Token -->
