<?xml version="1.0" encoding="UTF-8"?>
<testng-results skipped="0" failed="0" ignored="2" total="4" passed="2">
  <reporter-output>
  </reporter-output>
  <suite name="Suite" duration-ms="66541" started-at="2020-12-17T09:54:39 IST" finished-at="2020-12-17T09:55:46 IST">
    <groups>
      <group name="vac">
        <method signature="CalculatorTest.vipAccessTest()[pri:0, instance:test_winium.CalculatorTest@48503868]" name="vipAccessTest" class="test_winium.CalculatorTest"/>
      </group> <!-- vac -->
      <group name="clc">
        <method signature="CalculatorTest.AddTest()[pri:0, instance:test_winium.CalculatorTest@7a1ebcd8]" name="AddTest" class="test_winium.CalculatorTest"/>
      </group> <!-- clc -->
    </groups>
    <test name="vipaccessTest" duration-ms="32621" started-at="2020-12-17T09:54:39 IST" finished-at="2020-12-17T09:55:12 IST">
      <class name="test_winium.CalculatorTest">
        <test-method status="PASS" signature="setup(java.lang.String, java.lang.String)[pri:0, instance:test_winium.CalculatorTest@48503868]" name="setup" is-config="true" duration-ms="31181" started-at="2020-12-17T09:54:39 IST" finished-at="2020-12-17T09:55:10 IST">
          <params>
            <param index="0">
              <value>
                <![CDATA[C:\\Program Files (x86)\\Symantec\\VIP Access Client\\VIPUIManager.exe]]>
              </value>
            </param>
            <param index="1">
              <value>
                <![CDATA[C:\\Users\\Chandra-Kautilya\\Documents\\winium desktop driver\\Winium.Desktop.Driver.exe]]>
              </value>
            </param>
          </params>
          <reporter-output>
          </reporter-output>
        </test-method> <!-- setup -->
        <test-method status="PASS" signature="vipAccessTest()[pri:0, instance:test_winium.CalculatorTest@48503868]" name="vipAccessTest" duration-ms="1341" started-at="2020-12-17T09:55:10 IST" finished-at="2020-12-17T09:55:12 IST">
          <reporter-output>
          </reporter-output>
        </test-method> <!-- vipAccessTest -->
        <test-method status="PASS" signature="tearDown()[pri:0, instance:test_winium.CalculatorTest@48503868]" name="tearDown" is-config="true" duration-ms="65" started-at="2020-12-17T09:55:12 IST" finished-at="2020-12-17T09:55:12 IST">
          <reporter-output>
          </reporter-output>
        </test-method> <!-- tearDown -->
      </class> <!-- test_winium.CalculatorTest -->
    </test> <!-- vipaccessTest -->
    <test name="caculatortest" duration-ms="33892" started-at="2020-12-17T09:55:12 IST" finished-at="2020-12-17T09:55:46 IST">
      <class name="test_winium.CalculatorTest">
        <test-method status="PASS" signature="setup(java.lang.String, java.lang.String)[pri:0, instance:test_winium.CalculatorTest@7a1ebcd8]" name="setup" is-config="true" duration-ms="31397" started-at="2020-12-17T09:55:12 IST" finished-at="2020-12-17T09:55:43 IST">
          <params>
            <param index="0">
              <value>
                <![CDATA[C:\\Windows\\System32\\calc.exe]]>
              </value>
            </param>
            <param index="1">
              <value>
                <![CDATA[C:\\Users\\Chandra-Kautilya\\Documents\\winium desktop driver\\Winium.Desktop.Driver.exe]]>
              </value>
            </param>
          </params>
          <reporter-output>
          </reporter-output>
        </test-method> <!-- setup -->
        <test-method status="PASS" signature="AddTest()[pri:0, instance:test_winium.CalculatorTest@7a1ebcd8]" name="AddTest" duration-ms="2423" started-at="2020-12-17T09:55:43 IST" finished-at="2020-12-17T09:55:46 IST">
          <reporter-output>
          </reporter-output>
        </test-method> <!-- AddTest -->
        <test-method status="PASS" signature="tearDown()[pri:0, instance:test_winium.CalculatorTest@7a1ebcd8]" name="tearDown" is-config="true" duration-ms="69" started-at="2020-12-17T09:55:46 IST" finished-at="2020-12-17T09:55:46 IST">
          <reporter-output>
          </reporter-output>
        </test-method> <!-- tearDown -->
      </class> <!-- test_winium.CalculatorTest -->
    </test> <!-- caculatortest -->
  </suite> <!-- Suite -->
</testng-results>
